#
# There is insufficient memory for the Java Runtime Environment to continue.
# Native memory allocation (malloc) failed to allocate 994800 bytes for Chunk::new
# Possible reasons:
#   The system is out of physical RAM or swap space
#   The process is running with CompressedOops enabled, and the Java Heap may be blocking the growth of the native heap
# Possible solutions:
#   Reduce memory load on the system
#   Increase physical memory or swap space
#   Check if swap backing store is full
#   Decrease Java heap size (-Xmx/-Xms)
#   Decrease number of Java threads
#   Decrease Java thread stack sizes (-Xss)
#   Set larger code cache with -XX:ReservedCodeCacheSize=
#   JVM is running with Unscaled Compressed Oops mode in which the Java heap is
#     placed in the first 4GB address space. The Java Heap base address is the
#     maximum limit for the native heap growth. Please use -XX:HeapBaseMinAddress
#     to set the Java Heap base and to place the Java Heap above 4GB virtual address.
# This output file may be truncated or incomplete.
#
#  Out of Memory Error (allocation.cpp:389), pid=1420, tid=0x0000000000001f30
#
# JRE version: OpenJDK Runtime Environment (8.0_212-b04) (build 1.8.0_212-release-1586-b04)
# Java VM: OpenJDK 64-Bit Server VM (25.212-b04 mixed mode windows-amd64 compressed oops)
# Failed to write core dump. Minidumps are not enabled by default on client versions of Windows
#

---------------  T H R E A D  ---------------

Current thread (0x0000000016439000):  JavaThread "C2 CompilerThread0" daemon [_thread_in_native, id=7984, stack(0x0000000018b20000,0x0000000018c20000)]

Stack: [0x0000000018b20000,0x0000000018c20000]
[error occurred during error reporting (printing stack bounds), id 0xc0000005]

Native frames: (J=compiled Java code, j=interpreted, Vv=VM code, C=native code)


Current CompileTask:
C2:20704118 58116   !   4       com.android.ide.common.symbols.SymbolIo$SymbolLineReader::handleStyleable (426 bytes)


---------------  P R O C E S S  ---------------

Java Threads: ( => current thread )
  0x000000001e5f0000 JavaThread "stdout" [_thread_in_native, id=15388, stack(0x0000000032f40000,0x0000000033040000)]
  0x000000001e5f2000 JavaThread "stderr" [_thread_in_native, id=19776, stack(0x0000000031c80000,0x0000000031d80000)]
  0x000000001e5f3800 JavaThread "pool-134-thread-1" [_thread_blocked, id=22200, stack(0x0000000030f20000,0x0000000031020000)]
  0x000000001e5e8800 JavaThread "WorkerExecutor Queue Thread 2" [_thread_blocked, id=15872, stack(0x0000000030e20000,0x0000000030f20000)]
  0x000000001e5ee800 JavaThread "WorkerExecutor Queue" [_thread_blocked, id=10128, stack(0x0000000030c20000,0x0000000030d20000)]
  0x000000001e5e9000 JavaThread "Cache worker for execution history cache (C:\Users\NIKITA\CODING\Android\StuDo\.gradle\5.6.4\executionHistory)" [_thread_blocked, id=10628, stack(0x000000002a350000,0x000000002a450000)]
  0x000000001e5e7800 JavaThread "Execution worker for ':' Thread 7" [_thread_blocked, id=21280, stack(0x000000002a250000,0x000000002a350000)]
  0x000000001e5ed800 JavaThread "Execution worker for ':' Thread 6" [_thread_blocked, id=6976, stack(0x000000002a150000,0x000000002a250000)]
  0x000000001e5ea800 JavaThread "Execution worker for ':' Thread 5" [_thread_blocked, id=17340, stack(0x0000000028b00000,0x0000000028c00000)]
  0x000000001e5ed000 JavaThread "Execution worker for ':' Thread 4" [_thread_blocked, id=15460, stack(0x0000000027b10000,0x0000000027c10000)]
  0x000000001e5ec000 JavaThread "Execution worker for ':' Thread 3" [_thread_in_native, id=19188, stack(0x0000000027a10000,0x0000000027b10000)]
  0x000000001e5ea000 JavaThread "Execution worker for ':' Thread 2" [_thread_blocked, id=19740, stack(0x00000000274d0000,0x00000000275d0000)]
  0x000000001e5e7000 JavaThread "Execution worker for ':'" [_thread_blocked, id=1008, stack(0x00000000261e0000,0x00000000262e0000)]
  0x000000001e884800 JavaThread "Cache worker for file content cache (C:\Users\NIKITA\CODING\Android\StuDo\.gradle\5.6.4\fileContent)" [_thread_blocked, id=17384, stack(0x0000000025ad0000,0x0000000025bd0000)]
  0x000000001e884000 JavaThread "Cache worker for Build Output Cleanup Cache (C:\Users\NIKITA\CODING\Android\StuDo\.gradle\buildOutputCleanup)" [_thread_blocked, id=20068, stack(0x00000000234a0000,0x00000000235a0000)]
  0x000000001e883000 JavaThread "Build operations Thread 8" [_thread_blocked, id=3668, stack(0x0000000022da0000,0x0000000022ea0000)]
  0x000000001e881800 JavaThread "Build operations Thread 7" [_thread_blocked, id=5632, stack(0x0000000022ca0000,0x0000000022da0000)]
  0x000000001e882800 JavaThread "Build operations Thread 6" [_thread_blocked, id=19056, stack(0x0000000022ba0000,0x0000000022ca0000)]
  0x000000001e87a000 JavaThread "Build operations Thread 5" [_thread_blocked, id=17960, stack(0x0000000022aa0000,0x0000000022ba0000)]
  0x000000001e881000 JavaThread "Build operations Thread 4" [_thread_blocked, id=2328, stack(0x00000000229a0000,0x0000000022aa0000)]
  0x000000001e880000 JavaThread "Build operations Thread 3" [_thread_blocked, id=21356, stack(0x00000000228a0000,0x00000000229a0000)]
  0x000000001e87f800 JavaThread "Build operations Thread 2" [_thread_blocked, id=11576, stack(0x00000000227a0000,0x00000000228a0000)]
  0x000000001e87e800 JavaThread "Build operations" [_thread_blocked, id=18972, stack(0x0000000020cb0000,0x0000000020db0000)]
  0x000000001e877000 JavaThread "Cache worker for cache directory md-rule (C:\Users\NIKITA\.gradle\caches\5.6.4\md-rule)" [_thread_blocked, id=20936, stack(0x000000001fb80000,0x000000001fc80000)]
  0x000000001e87e000 JavaThread "Cache worker for cache directory md-supplier (C:\Users\NIKITA\.gradle\caches\5.6.4\md-supplier)" [_thread_blocked, id=17004, stack(0x000000001f5f0000,0x000000001f6f0000)]
  0x000000001e876800 JavaThread "Cache worker for file hash cache (C:\Users\NIKITA\CODING\Android\StuDo\.gradle\5.6.4\fileHashes)" [_thread_blocked, id=6340, stack(0x000000001f4f0000,0x000000001f5f0000)]
  0x000000001e87d000 JavaThread "Thread-2035" [_thread_blocked, id=3808, stack(0x000000001c850000,0x000000001c950000)]
  0x000000001e879800 JavaThread "Stdin handler" [_thread_blocked, id=19532, stack(0x000000001c750000,0x000000001c850000)]
  0x000000001e875800 JavaThread "Asynchronous log dispatcher for DefaultDaemonConnection: socket connection from /127.0.0.1:56444 to /127.0.0.1:61904" [_thread_blocked, id=17812, stack(0x000000001c650000,0x000000001c750000)]
  0x000000001e878000 JavaThread "Cancel handler" [_thread_blocked, id=7100, stack(0x000000001c250000,0x000000001c350000)]
  0x000000001e87c800 JavaThread "Handler for socket connection from /127.0.0.1:56444 to /127.0.0.1:61904" [_thread_in_native, id=21488, stack(0x0000000000a60000,0x0000000000b60000)]
  0x000000001e878800 JavaThread "ForkJoinPool.commonPool-worker-4" daemon [_thread_blocked, id=20280, stack(0x0000000039550000,0x0000000039650000)]
  0x000000001e87b800 JavaThread "ForkJoinPool.commonPool-worker-3" daemon [_thread_blocked, id=5636, stack(0x0000000039450000,0x0000000039550000)]
  0x000000001e87b000 JavaThread "ForkJoinPool.commonPool-worker-2" daemon [_thread_blocked, id=15600, stack(0x0000000039350000,0x0000000039450000)]
  0x000000001ac63800 JavaThread "ForkJoinPool.commonPool-worker-7" daemon [_thread_blocked, id=21204, stack(0x0000000039050000,0x0000000039150000)]
  0x000000001d1c3800 JavaThread "ForkJoinPool.commonPool-worker-6" daemon [_thread_blocked, id=21304, stack(0x0000000038f50000,0x0000000039050000)]
  0x000000001d5ee000 JavaThread "Daemon worker Thread 39" [_thread_blocked, id=11168, stack(0x000000001c350000,0x000000001c450000)]
  0x000000001d5ec800 JavaThread "Daemon Thread 39" [_thread_blocked, id=17596, stack(0x0000000000860000,0x0000000000960000)]
  0x00000000263e9000 JavaThread "RMI Reaper" [_thread_blocked, id=14564, stack(0x0000000038e50000,0x0000000038f50000)]
  0x00000000263e7800 JavaThread "GC Daemon" daemon [_thread_blocked, id=16176, stack(0x0000000038a30000,0x0000000038b30000)]
  0x000000001d1b9000 JavaThread "Cache worker for Java compile cache (C:\Users\NIKITA\.gradle\caches\5.6.4\javaCompile)" [_thread_blocked, id=1536, stack(0x0000000032610000,0x0000000032710000)]
  0x00000000263e8800 JavaThread "RMI TCP Accept-0" daemon [_thread_in_native, id=19860, stack(0x0000000030d20000,0x0000000030e20000)]
  0x00000000263e0000 JavaThread "RMI Scheduler(0)" daemon [_thread_blocked, id=4720, stack(0x0000000028e10000,0x0000000028f10000)]
  0x000000001d5eb000 JavaThread "Cache worker for file content cache (C:\Users\NIKITA\.gradle\caches\5.6.4\fileContent)" [_thread_blocked, id=452, stack(0x0000000025270000,0x0000000025370000)]
  0x000000001d5eb800 JavaThread "Memory manager" [_thread_blocked, id=5604, stack(0x0000000024f70000,0x0000000025070000)]
  0x000000001d5e7000 JavaThread "Cache worker for execution history cache (C:\Users\NIKITA\.gradle\caches\5.6.4\executionHistory)" [_thread_blocked, id=13200, stack(0x00000000224a0000,0x00000000225a0000)]
  0x000000001ac62800 JavaThread "Cache worker for journal cache (C:\Users\NIKITA\.gradle\caches\journal-1)" [_thread_blocked, id=9232, stack(0x000000001d050000,0x000000001d150000)]
  0x000000001ac67000 JavaThread "File lock request listener" [_thread_in_native, id=22276, stack(0x000000001cf50000,0x000000001d050000)]
  0x000000001ae97800 JavaThread "Cache worker for file hash cache (C:\Users\NIKITA\.gradle\caches\5.6.4\fileHashes)" [_thread_blocked, id=11568, stack(0x000000001ce50000,0x000000001cf50000)]
  0x000000001abb8800 JavaThread "Daemon periodic checks" [_thread_blocked, id=4928, stack(0x000000001c150000,0x000000001c250000)]
  0x000000001ab40800 JavaThread "Incoming local TCP Connector on port 56444" [_thread_in_native, id=15816, stack(0x000000001bf00000,0x000000001c000000)]
  0x000000001aaf2800 JavaThread "Daemon health stats" [_thread_blocked, id=2040, stack(0x000000001b8c0000,0x000000001b9c0000)]
  0x00000000182d9000 JavaThread "Service Thread" daemon [_thread_blocked, id=11500, stack(0x0000000018f20000,0x0000000019020000)]
  0x000000001824d000 JavaThread "C1 CompilerThread3" daemon [_thread_blocked, id=3180, stack(0x0000000018e20000,0x0000000018f20000)]
  0x0000000018249000 JavaThread "C2 CompilerThread2" daemon [_thread_blocked, id=21924, stack(0x0000000018d20000,0x0000000018e20000)]
  0x000000001643c000 JavaThread "C2 CompilerThread1" daemon [_thread_blocked, id=20712, stack(0x0000000018c20000,0x0000000018d20000)]
=>0x0000000016439000 JavaThread "C2 CompilerThread0" daemon [_thread_in_native, id=7984, stack(0x0000000018b20000,0x0000000018c20000)]
  0x0000000018242800 JavaThread "Attach Listener" daemon [_thread_blocked, id=14740, stack(0x0000000018a20000,0x0000000018b20000)]
  0x0000000018246000 JavaThread "Signal Dispatcher" daemon [_thread_blocked, id=3000, stack(0x0000000018920000,0x0000000018a20000)]
  0x000000000266e000 JavaThread "Finalizer" daemon [_thread_blocked, id=20708, stack(0x0000000018710000,0x0000000018810000)]
  0x0000000002665000 JavaThread "Reference Handler" daemon [_thread_blocked, id=17560, stack(0x0000000018610000,0x0000000018710000)]
  0x000000000256e000 JavaThread "main" [_thread_blocked, id=20948, stack(0x0000000002450000,0x0000000002550000)]

Other Threads:
  0x0000000016428000 VMThread [stack: 0x0000000018110000,0x0000000018210000] [id=17768]
  0x00000000182da000 WatcherThread [stack: 0x0000000019020000,0x0000000019120000] [id=18200]

VM state:not at safepoint (normal execution)

VM Mutex/Monitor currently owned by a thread: None

OutOfMemory and StackOverflow Exception counts:
OutOfMemoryError java_heap_errors=1

heap address: 0x00000000a0000000, size: 1536 MB, Compressed Oops mode: 32-bit
Narrow klass base: 0x0000000000000000, Narrow klass shift: 3
Compressed class space size: 1073741824 Address: 0x0000000100000000

Heap:
 PSYoungGen      total 403968K, used 294270K [0x00000000e0000000, 0x0000000100000000, 0x0000000100000000)
  eden space 284672K, 79% used [0x00000000e0000000,0x00000000ede07ee0,0x00000000f1600000)
  from space 119296K, 56% used [0x00000000f1600000,0x00000000f5757970,0x00000000f8a80000)
  to   space 120320K, 0% used [0x00000000f8a80000,0x00000000f8a80000,0x0000000100000000)
 ParOldGen       total 662016K, used 490527K [0x00000000a0000000, 0x00000000c8680000, 0x00000000e0000000)
  object space 662016K, 74% used [0x00000000a0000000,0x00000000bdf07dc0,0x00000000c8680000)
 Metaspace       used 164211K, capacity 175120K, committed 176256K, reserved 1202176K
  class space    used 19519K, capacity 21591K, committed 22656K, reserved 1048576K

Card table byte_map: [0x0000000011a30000,0x0000000011d40000] byte_map_base: 0x0000000011530000

Marking Bits: (ParMarkBitMap*) 0x0000000068e99f30
 Begin Bits: [0x0000000012740000, 0x0000000013f40000)
 End Bits:   [0x0000000013f40000, 0x0000000015740000)

Polling page: 0x0000000000c00000

CodeCache: size=245760Kb used=131739Kb max_used=131747Kb free=114020Kb
 bounds [0x0000000002670000, 0x000000000a810000, 0x0000000011670000]
 total_blobs=35961 nmethods=34966 adapters=904
 compilation: enabled

Compilation events (10 events):
Event: 20702.881 Thread 0x0000000018249000 nmethod 58113 0x0000000004376110 code [0x00000000043762c0, 0x0000000004376c78]
Event: 20703.003 Thread 0x000000001824d000 58114       3       org.gradle.util.CollectionUtils::join (17 bytes)
Event: 20703.004 Thread 0x000000001824d000 nmethod 58114 0x0000000004f292d0 code [0x0000000004f29480, 0x0000000004f299f8]
Event: 20703.090 Thread 0x000000001824d000 58115       3       java.util.AbstractList::equals (117 bytes)
Event: 20703.090 Thread 0x000000001824d000 nmethod 58115 0x000000000a5c5550 code [0x000000000a5c5780, 0x000000000a5c6488]
Event: 20703.834 Thread 0x0000000016439000 58116   !   4       com.android.ide.common.symbols.SymbolIo$SymbolLineReader::handleStyleable (426 bytes)
Event: 20703.868 Thread 0x000000001643c000 58117       4       kotlin.collections.CollectionsKt___CollectionsKt::first (36 bytes)
Event: 20703.870 Thread 0x000000001643c000 nmethod 58117 0x0000000004375c90 code [0x0000000004375de0, 0x0000000004375ef8]
Event: 20703.985 Thread 0x0000000018249000 58118       4       com.google.gson.internal.Excluder::excludeClassChecks (67 bytes)
Event: 20703.989 Thread 0x0000000018249000 nmethod 58118 0x000000000a5e2710 code [0x000000000a5e28e0, 0x000000000a5e2e68]

GC Heap History (10 events):
Event: 20472.435 GC heap before
{Heap before GC invocations=211 (full 10):
 PSYoungGen      total 379392K, used 319727K [0x00000000e0000000, 0x00000000fc880000, 0x0000000100000000)
  eden space 301568K, 100% used [0x00000000e0000000,0x00000000f2680000,0x00000000f2680000)
  from space 77824K, 23% used [0x00000000f7c80000,0x00000000f8e3bd58,0x00000000fc880000)
  to   space 82944K, 0% used [0x00000000f2680000,0x00000000f2680000,0x00000000f7780000)
 ParOldGen       total 662016K, used 440930K [0x00000000a0000000, 0x00000000c8680000, 0x00000000e0000000)
  object space 662016K, 66% used [0x00000000a0000000,0x00000000bae98978,0x00000000c8680000)
 Metaspace       used 163942K, capacity 174814K, committed 176000K, reserved 1202176K
  class space    used 19490K, capacity 21562K, committed 22656K, reserved 1048576K
Event: 20472.449 GC heap after
Heap after GC invocations=211 (full 10):
 PSYoungGen      total 384512K, used 24344K [0x00000000e0000000, 0x00000000fc500000, 0x0000000100000000)
  eden space 301568K, 0% used [0x00000000e0000000,0x00000000e0000000,0x00000000f2680000)
  from space 82944K, 29% used [0x00000000f2680000,0x00000000f3e461a0,0x00000000f7780000)
  to   space 78336K, 0% used [0x00000000f7880000,0x00000000f7880000,0x00000000fc500000)
 ParOldGen       total 662016K, used 440978K [0x00000000a0000000, 0x00000000c8680000, 0x00000000e0000000)
  object space 662016K, 66% used [0x00000000a0000000,0x00000000baea4978,0x00000000c8680000)
 Metaspace       used 163942K, capacity 174814K, committed 176000K, reserved 1202176K
  class space    used 19490K, capacity 21562K, committed 22656K, reserved 1048576K
}
Event: 20692.324 GC heap before
{Heap before GC invocations=212 (full 10):
 PSYoungGen      total 384512K, used 325912K [0x00000000e0000000, 0x00000000fc500000, 0x0000000100000000)
  eden space 301568K, 100% used [0x00000000e0000000,0x00000000f2680000,0x00000000f2680000)
  from space 82944K, 29% used [0x00000000f2680000,0x00000000f3e461a0,0x00000000f7780000)
  to   space 78336K, 0% used [0x00000000f7880000,0x00000000f7880000,0x00000000fc500000)
 ParOldGen       total 662016K, used 440978K [0x00000000a0000000, 0x00000000c8680000, 0x00000000e0000000)
  object space 662016K, 66% used [0x00000000a0000000,0x00000000baea4978,0x00000000c8680000)
 Metaspace       used 163987K, capacity 174890K, committed 176000K, reserved 1202176K
  class space    used 19492K, capacity 21564K, committed 22656K, reserved 1048576K
Event: 20692.364 GC heap after
Heap after GC invocations=212 (full 10):
 PSYoungGen      total 382976K, used 48566K [0x00000000e0000000, 0x00000000fc880000, 0x0000000100000000)
  eden space 304640K, 0% used [0x00000000e0000000,0x00000000e0000000,0x00000000f2980000)
  from space 78336K, 61% used [0x00000000f7880000,0x00000000fa7ed8c0,0x00000000fc500000)
  to   space 80896K, 0% used [0x00000000f2980000,0x00000000f2980000,0x00000000f7880000)
 ParOldGen       total 662016K, used 441018K [0x00000000a0000000, 0x00000000c8680000, 0x00000000e0000000)
  object space 662016K, 66% used [0x00000000a0000000,0x00000000baeae978,0x00000000c8680000)
 Metaspace       used 163987K, capacity 174890K, committed 176000K, reserved 1202176K
  class space    used 19492K, capacity 21564K, committed 22656K, reserved 1048576K
}
Event: 20693.852 GC heap before
{Heap before GC invocations=213 (full 10):
 PSYoungGen      total 382976K, used 353132K [0x00000000e0000000, 0x00000000fc880000, 0x0000000100000000)
  eden space 304640K, 99% used [0x00000000e0000000,0x00000000f296db20,0x00000000f2980000)
  from space 78336K, 61% used [0x00000000f7880000,0x00000000fa7ed8c0,0x00000000fc500000)
  to   space 80896K, 0% used [0x00000000f2980000,0x00000000f2980000,0x00000000f7880000)
 ParOldGen       total 662016K, used 441018K [0x00000000a0000000, 0x00000000c8680000, 0x00000000e0000000)
  object space 662016K, 66% used [0x00000000a0000000,0x00000000baeae978,0x00000000c8680000)
 Metaspace       used 164034K, capacity 174908K, committed 176000K, reserved 1202176K
  class space    used 19494K, capacity 21567K, committed 22656K, reserved 1048576K
Event: 20693.876 GC heap after
Heap after GC invocations=213 (full 10):
 PSYoungGen      total 385536K, used 65497K [0x00000000e0000000, 0x00000000fe100000, 0x0000000100000000)
  eden space 304640K, 0% used [0x00000000e0000000,0x00000000e0000000,0x00000000f2980000)
  from space 80896K, 80% used [0x00000000f2980000,0x00000000f69766f0,0x00000000f7880000)
  to   space 88576K, 0% used [0x00000000f8a80000,0x00000000f8a80000,0x00000000fe100000)
 ParOldGen       total 662016K, used 446256K [0x00000000a0000000, 0x00000000c8680000, 0x00000000e0000000)
  object space 662016K, 67% used [0x00000000a0000000,0x00000000bb3cc298,0x00000000c8680000)
 Metaspace       used 164034K, capacity 174908K, committed 176000K, reserved 1202176K
  class space    used 19494K, capacity 21567K, committed 22656K, reserved 1048576K
}
Event: 20694.596 GC heap before
{Heap before GC invocations=214 (full 10):
 PSYoungGen      total 385536K, used 370137K [0x00000000e0000000, 0x00000000fe100000, 0x0000000100000000)
  eden space 304640K, 100% used [0x00000000e0000000,0x00000000f2980000,0x00000000f2980000)
  from space 80896K, 80% used [0x00000000f2980000,0x00000000f69766f0,0x00000000f7880000)
  to   space 88576K, 0% used [0x00000000f8a80000,0x00000000f8a80000,0x00000000fe100000)
 ParOldGen       total 662016K, used 446256K [0x00000000a0000000, 0x00000000c8680000, 0x00000000e0000000)
  object space 662016K, 67% used [0x00000000a0000000,0x00000000bb3cc298,0x00000000c8680000)
 Metaspace       used 164037K, capacity 174908K, committed 176000K, reserved 1202176K
  class space    used 19494K, capacity 21567K, committed 22656K, reserved 1048576K
Event: 20694.718 GC heap after
Heap after GC invocations=214 (full 10):
 PSYoungGen      total 373248K, used 88561K [0x00000000e0000000, 0x0000000100000000, 0x0000000100000000)
  eden space 284672K, 0% used [0x00000000e0000000,0x00000000e0000000,0x00000000f1600000)
  from space 88576K, 99% used [0x00000000f8a80000,0x00000000fe0fc578,0x00000000fe100000)
  to   space 119296K, 0% used [0x00000000f1600000,0x00000000f1600000,0x00000000f8a80000)
 ParOldGen       total 662016K, used 490155K [0x00000000a0000000, 0x00000000c8680000, 0x00000000e0000000)
  object space 662016K, 74% used [0x00000000a0000000,0x00000000bdeaadb0,0x00000000c8680000)
 Metaspace       used 164037K, capacity 174908K, committed 176000K, reserved 1202176K
  class space    used 19494K, capacity 21567K, committed 22656K, reserved 1048576K
}
Event: 20702.656 GC heap before
{Heap before GC invocations=215 (full 10):
 PSYoungGen      total 373248K, used 373233K [0x00000000e0000000, 0x0000000100000000, 0x0000000100000000)
  eden space 284672K, 100% used [0x00000000e0000000,0x00000000f1600000,0x00000000f1600000)
  from space 88576K, 99% used [0x00000000f8a80000,0x00000000fe0fc578,0x00000000fe100000)
  to   space 119296K, 0% used [0x00000000f1600000,0x00000000f1600000,0x00000000f8a80000)
 ParOldGen       total 662016K, used 490155K [0x00000000a0000000, 0x00000000c8680000, 0x00000000e0000000)
  object space 662016K, 74% used [0x00000000a0000000,0x00000000bdeaadb0,0x00000000c8680000)
 Metaspace       used 164210K, capacity 175120K, committed 176256K, reserved 1202176K
  class space    used 19519K, capacity 21591K, committed 22656K, reserved 1048576K
Event: 20702.696 GC heap after
Heap after GC invocations=215 (full 10):
 PSYoungGen      total 403968K, used 66910K [0x00000000e0000000, 0x0000000100000000, 0x0000000100000000)
  eden space 284672K, 0% used [0x00000000e0000000,0x00000000e0000000,0x00000000f1600000)
  from space 119296K, 56% used [0x00000000f1600000,0x00000000f5757970,0x00000000f8a80000)
  to   space 120320K, 0% used [0x00000000f8a80000,0x00000000f8a80000,0x0000000100000000)
 ParOldGen       total 662016K, used 490527K [0x00000000a0000000, 0x00000000c8680000, 0x00000000e0000000)
  object space 662016K, 74% used [0x00000000a0000000,0x00000000bdf07dc0,0x00000000c8680000)
 Metaspace       used 164210K, capacity 175120K, committed 176256K, reserved 1202176K
  class space    used 19519K, capacity 21591K, committed 22656K, reserved 1048576K
}

Deoptimization events (10 events):
Event: 20695.180 Thread 0x000000001d5ee000 Uncommon trap: reason=unstable_if action=reinterpret pc=0x0000000003c54f7c method=org.gradle.internal.serialize.ExceptionReplacingObjectOutputStream.doReplaceObject(Ljava/lang/Object;)Ljava/lang/Object; @ 4
Event: 20695.187 Thread 0x000000001d5ee000 Uncommon trap: reason=class_check action=maybe_recompile pc=0x00000000028545a0 method=java.lang.String.equals(Ljava/lang/Object;)Z @ 8
Event: 20695.187 Thread 0x000000001d5ee000 Uncommon trap: reason=class_check action=maybe_recompile pc=0x00000000028545a0 method=java.lang.String.equals(Ljava/lang/Object;)Z @ 8
Event: 20695.188 Thread 0x000000001d5ee000 Uncommon trap: reason=unstable_if action=reinterpret pc=0x0000000008c2215c method=java.util.AbstractList.equals(Ljava/lang/Object;)Z @ 11
Event: 20695.189 Thread 0x000000001d5ee000 Uncommon trap: reason=unstable_if action=reinterpret pc=0x00000000058a650c method=java.io.ObjectOutputStream.writeObject0(Ljava/lang/Object;Z)V @ 498
Event: 20695.192 Thread 0x000000001d5ee000 Uncommon trap: reason=unstable_if action=reinterpret pc=0x0000000003f93e1c method=java.lang.Package.getPackage(Ljava/lang/Class;)Ljava/lang/Package; @ 14
Event: 20702.699 Thread 0x000000000266e000 Uncommon trap: reason=null_check action=maybe_recompile pc=0x0000000006b43c54 method=java.util.zip.Deflater.end()V @ 6
Event: 20703.087 Thread 0x000000001e5ec000 Uncommon trap: reason=unstable_if action=reinterpret pc=0x0000000004cdcad8 method=org.gradle.internal.execution.history.changes.PreviousSuccessChanges.accept(Lorg/gradle/internal/execution/history/changes/ChangeVisitor;)Z @ 4
Event: 20704.094 Thread 0x000000001e5ec000 Uncommon trap: reason=class_check action=maybe_recompile pc=0x0000000009049380 method=org.gradle.internal.execution.history.changes.ClasspathCompareStrategy$ChangeState.processChange()V @ 219
Event: 20704.094 Thread 0x000000001e5ec000 Uncommon trap: reason=class_check action=maybe_recompile pc=0x0000000009049380 method=org.gradle.internal.execution.history.changes.ClasspathCompareStrategy$ChangeState.processChange()V @ 219

Classes redefined (0 events):
No events

Internal exceptions (10 events):
Event: 20695.001 Thread 0x0000000022450800 Exception <a 'sun/nio/fs/WindowsException'> (0x00000000ec21bb08) thrown at [D:\src\AOSP-openjdk-cygwin\jdk8u\hotspot\src\share\vm\prims\jni.cpp, line 710]
Event: 20695.027 Thread 0x000000001e87c800 Exception <a 'sun/nio/fs/WindowsException'> (0x00000000ecd4de58) thrown at [D:\src\AOSP-openjdk-cygwin\jdk8u\hotspot\src\share\vm\prims\jni.cpp, line 710]
Event: 20695.092 Thread 0x0000000022450800 Exception <a 'java/lang/OutOfMemoryError'> (0x00000000ee8d6088) thrown at [D:\src\AOSP-openjdk-cygwin\jdk8u\hotspot\src\share\vm\prims\jni.cpp, line 736]
Event: 20695.094 Thread 0x000000001d5ee000 Exception <a 'java/lang/reflect/InvocationTargetException'> (0x00000000ee8eec08) thrown at [D:\src\AOSP-openjdk-cygwin\jdk8u\hotspot\src\share\vm\runtime\reflection.cpp, line 1092]
Event: 20695.109 Thread 0x000000001d5e8800 Exception <a 'java/lang/NoSuchMethodError': <clinit>> (0x00000000eecb9868) thrown at [D:\src\AOSP-openjdk-cygwin\jdk8u\hotspot\src\share\vm\prims\jni.cpp, line 1614]
Event: 20695.109 Thread 0x000000001d5e8800 Exception <a 'java/lang/NoSuchMethodError': <clinit>> (0x00000000eecc32a8) thrown at [D:\src\AOSP-openjdk-cygwin\jdk8u\hotspot\src\share\vm\prims\jni.cpp, line 1614]
Event: 20695.151 Thread 0x000000001d5ee000 Exception <a 'sun/nio/fs/WindowsException'> (0x00000000eec058c0) thrown at [D:\src\AOSP-openjdk-cygwin\jdk8u\hotspot\src\share\vm\prims\jni.cpp, line 710]
Event: 20702.699 Thread 0x000000000266e000 Implicit null exception at 0x0000000006b43955 to 0x0000000006b43c45
Event: 20703.867 Thread 0x000000001e5ee800 Exception <a 'sun/nio/fs/WindowsException'> (0x00000000ea5bd1d8) thrown at [D:\src\AOSP-openjdk-cygwin\jdk8u\hotspot\src\share\vm\prims\jni.cpp, line 710]
Event: 20703.867 Thread 0x000000001e5ee800 Exception <a 'sun/nio/fs/WindowsException'> (0x00000000ea5bd658) thrown at [D:\src\AOSP-openjdk-cygwin\jdk8u\hotspot\src\share\vm\prims\jni.cpp, line 710]

Events (10 events):
Event: 20703.107 Thread 0x000000001e5f2000 Thread added: 0x000000001e5f2000
Event: 20703.107 Thread 0x000000001e5f0000 Thread added: 0x000000001e5f0000
Event: 20703.986 Executing VM operation: RevokeBias
Event: 20703.986 Executing VM operation: RevokeBias done
Event: 20704.094 Thread 0x000000001e5ec000 Uncommon trap: trap_request=0xffffffde fr.pc=0x0000000009049380
Event: 20704.094 Thread 0x000000001e5ec000 DEOPT PACKING pc=0x0000000009049380 sp=0x0000000027b0d990
Event: 20704.094 Thread 0x000000001e5ec000 DEOPT UNPACKING pc=0x00000000026b557b sp=0x0000000027b0d918 mode 2
Event: 20704.094 Thread 0x000000001e5ec000 Uncommon trap: trap_request=0xffffffde fr.pc=0x0000000009049380
Event: 20704.094 Thread 0x000000001e5ec000 DEOPT PACKING pc=0x0000000009049380 sp=0x0000000027b0c840
Event: 20704.094 Thread 0x000000001e5ec000 DEOPT UNPACKING pc=0x00000000026b557b sp=0x0000000027b0c7c8 mode 2


Dynamic libraries:
0x00007ff609f50000 - 0x00007ff609f81000 	C:\Program Files\Android\Android Studio\jre\bin\java.exe
0x00007ff869b20000 - 0x00007ff869d10000 	C:\WINDOWS\SYSTEM32\ntdll.dll
0x00007ff8689f0000 - 0x00007ff868aa2000 	C:\WINDOWS\System32\KERNEL32.DLL
0x00007ff866f90000 - 0x00007ff867233000 	C:\WINDOWS\System32\KERNELBASE.dll
0x00007ff868c00000 - 0x00007ff868ca3000 	C:\WINDOWS\System32\ADVAPI32.dll
0x00007ff868110000 - 0x00007ff8681ae000 	C:\WINDOWS\System32\msvcrt.dll
0x00007ff868070000 - 0x00007ff868107000 	C:\WINDOWS\System32\sechost.dll
0x00007ff867f50000 - 0x00007ff868070000 	C:\WINDOWS\System32\RPCRT4.dll
0x00007ff869910000 - 0x00007ff869aa4000 	C:\WINDOWS\System32\USER32.dll
0x00007ff866d70000 - 0x00007ff866d91000 	C:\WINDOWS\System32\win32u.dll
0x00007ff869470000 - 0x00007ff869496000 	C:\WINDOWS\System32\GDI32.dll
0x00007ff866a80000 - 0x00007ff866c14000 	C:\WINDOWS\System32\gdi32full.dll
0x00007ff866c80000 - 0x00007ff866d1e000 	C:\WINDOWS\System32\msvcp_win.dll
0x00007ff867320000 - 0x00007ff86741a000 	C:\WINDOWS\System32\ucrtbase.dll
0x00007ff859990000 - 0x00007ff859c15000 	C:\WINDOWS\WinSxS\amd64_microsoft.windows.common-controls_6595b64144ccf1df_6.0.18362.752_none_e6c0b5ed1312b70c\COMCTL32.dll
0x00007ff868220000 - 0x00007ff868556000 	C:\WINDOWS\System32\combase.dll
0x00007ff866da0000 - 0x00007ff866e20000 	C:\WINDOWS\System32\bcryptPrimitives.dll
0x00007ff8686c0000 - 0x00007ff8686ee000 	C:\WINDOWS\System32\IMM32.DLL
0x0000000069350000 - 0x0000000069422000 	C:\Program Files\Android\Android Studio\jre\jre\bin\msvcr100.dll
0x00000000686d0000 - 0x0000000068f16000 	C:\Program Files\Android\Android Studio\jre\jre\bin\server\jvm.dll
0x00007ff867ee0000 - 0x00007ff867ee8000 	C:\WINDOWS\System32\PSAPI.DLL
0x00007ff84ab90000 - 0x00007ff84ab99000 	C:\WINDOWS\SYSTEM32\WSOCK32.dll
0x00007ff85c740000 - 0x00007ff85c764000 	C:\WINDOWS\SYSTEM32\WINMM.dll
0x00007ff85f610000 - 0x00007ff85f61a000 	C:\WINDOWS\SYSTEM32\VERSION.dll
0x00007ff8681b0000 - 0x00007ff86821f000 	C:\WINDOWS\System32\WS2_32.dll
0x00007ff85c710000 - 0x00007ff85c73d000 	C:\WINDOWS\SYSTEM32\winmmbase.dll
0x00007ff866d20000 - 0x00007ff866d6a000 	C:\WINDOWS\System32\cfgmgr32.dll
0x00007ff8634a0000 - 0x00007ff8634af000 	C:\Program Files\Android\Android Studio\jre\jre\bin\verify.dll
0x00007ff849c70000 - 0x00007ff849c99000 	C:\Program Files\Android\Android Studio\jre\jre\bin\java.dll
0x00007ff849920000 - 0x00007ff849936000 	C:\Program Files\Android\Android Studio\jre\jre\bin\zip.dll
0x00007ff868d20000 - 0x00007ff869405000 	C:\WINDOWS\System32\SHELL32.dll
0x00007ff867bc0000 - 0x00007ff867c69000 	C:\WINDOWS\System32\shcore.dll
0x00007ff867420000 - 0x00007ff867ba0000 	C:\WINDOWS\System32\windows.storage.dll
0x00007ff866a50000 - 0x00007ff866a73000 	C:\WINDOWS\System32\profapi.dll
0x00007ff866a00000 - 0x00007ff866a4a000 	C:\WINDOWS\System32\powrprof.dll
0x00007ff8669b0000 - 0x00007ff8669c0000 	C:\WINDOWS\System32\UMPDC.dll
0x00007ff868cc0000 - 0x00007ff868d12000 	C:\WINDOWS\System32\shlwapi.dll
0x00007ff8669c0000 - 0x00007ff8669d1000 	C:\WINDOWS\System32\kernel.appcore.dll
0x00007ff866f70000 - 0x00007ff866f87000 	C:\WINDOWS\System32\cryptsp.dll
0x00007ff8460a0000 - 0x00007ff8460ba000 	C:\Program Files\Android\Android Studio\jre\jre\bin\net.dll
0x00007ff850b40000 - 0x00007ff850d15000 	C:\WINDOWS\SYSTEM32\urlmon.dll
0x00007ff851780000 - 0x00007ff851a26000 	C:\WINDOWS\SYSTEM32\iertutil.dll
0x00007ff8663f0000 - 0x00007ff8663fc000 	C:\WINDOWS\SYSTEM32\CRYPTBASE.DLL
0x00007ff866220000 - 0x00007ff866287000 	C:\WINDOWS\system32\mswsock.dll
0x00007ff846080000 - 0x00007ff846093000 	C:\Program Files\Android\Android Studio\jre\jre\bin\nio.dll
0x00007ff83bba0000 - 0x00007ff83bbc6000 	C:\Users\NIKITA\.gradle\native\30\windows-amd64\native-platform.dll
0x00007ff8630a0000 - 0x00007ff8630ad000 	C:\Program Files\Android\Android Studio\jre\jre\bin\management.dll
0x00007ff865d90000 - 0x00007ff865dc3000 	C:\WINDOWS\system32\rsaenh.dll
0x00007ff867240000 - 0x00007ff867266000 	C:\WINDOWS\System32\bcrypt.dll
0x00007ff8668a0000 - 0x00007ff8668c5000 	C:\WINDOWS\SYSTEM32\USERENV.dll
0x00007ff865f30000 - 0x00007ff865f6a000 	C:\WINDOWS\SYSTEM32\IPHLPAPI.DLL
0x00007ff868bf0000 - 0x00007ff868bf8000 	C:\WINDOWS\System32\NSI.dll
0x00007ff85f650000 - 0x00007ff85f666000 	C:\WINDOWS\SYSTEM32\dhcpcsvc6.DLL
0x00007ff85f620000 - 0x00007ff85f63c000 	C:\WINDOWS\SYSTEM32\dhcpcsvc.DLL
0x00007ff865f70000 - 0x00007ff86603a000 	C:\WINDOWS\SYSTEM32\DNSAPI.dll
0x00007ff854540000 - 0x00007ff85455e000 	C:\Users\NIKITA\AppData\Local\Temp\native-platform5482674579416603563dir\native-platform.dll
0x00007ff865a10000 - 0x00007ff865a41000 	C:\WINDOWS\SYSTEM32\ntmarta.dll
0x00007ff859cb0000 - 0x00007ff859cd4000 	C:\Program Files\Android\Android Studio\jre\jre\bin\sunec.dll
0x00007ff860210000 - 0x00007ff86021a000 	C:\Windows\System32\rasadhlp.dll
0x00007ff85efb0000 - 0x00007ff85f027000 	C:\WINDOWS\System32\fwpuclnt.dll
0x00007ff863410000 - 0x00007ff86341b000 	C:\Program Files\Android\Android Studio\jre\jre\bin\sunmscapi.dll
0x00007ff866e20000 - 0x00007ff866f69000 	C:\WINDOWS\System32\CRYPT32.dll
0x00007ff8669e0000 - 0x00007ff8669f2000 	C:\WINDOWS\System32\MSASN1.dll

VM Arguments:
jvm_args: -Xmx1536m -Dfile.encoding=windows-1251 -Duser.country=RU -Duser.language=ru -Duser.variant 
java_command: org.gradle.launcher.daemon.bootstrap.GradleDaemon 5.6.4
java_class_path (initial): C:\Users\NIKITA\.gradle\wrapper\dists\gradle-5.6.4-all\ankdp27end7byghfw1q2sw75f\gradle-5.6.4\lib\gradle-launcher-5.6.4.jar
Launcher Type: SUN_STANDARD

Environment Variables:
PATH=C:\WINDOWS\system32;C:\WINDOWS;C:\WINDOWS\System32\Wbem;C:\WINDOWS\System32\WindowsPowerShell\v1.0\;C:\WINDOWS\System32\OpenSSH\;C:\Program Files\Microsoft SQL Server\130\Tools\Binn\;C:\Program Files\NVIDIA Corporation\NVIDIA NvDLISR;C:\Program Files (x86)\NVIDIA Corporation\PhysX\Common;C:\Program Files\Intel\WiFi\bin\;C:\Program Files\Common Files\Intel\WirelessCommon\;C:\WINDOWS\system32;C:\WINDOWS;C:\WINDOWS\System32\Wbem;C:\WINDOWS\System32\WindowsPowerShell\v1.0\;C:\WINDOWS\System32\OpenSSH\;C:\Program Files\Java\jdk-12.0.2\bin;C:\Users\NIKITA\AppData\Local\Programs\Python\Python38-32\Scripts\;C:\Users\NIKITA\AppData\Local\Programs\Python\Python38-32\;C:\Users\NIKITA\AppData\Local\Microsoft\WindowsApps;C:\Users\NIKITA\AppData\Local\Programs\Microsoft VS Code\bin;C:\Users\NIKITA\AppData\Local\Microsoft\WindowsApps;;D:\Python\PyCharm 2019.3\bin;
USERNAME=NIKITA
OS=Windows_NT
PROCESSOR_IDENTIFIER=Intel64 Family 6 Model 142 Stepping 10, GenuineIntel



---------------  S Y S T E M  ---------------

OS: Windows 10.0 , 64 bit Build 18362 (10.0.18362.752)

CPU:total 8 (initial active 8) (4 cores per cpu, 2 threads per core) family 6 model 142 stepping 10, cmov, cx8, fxsr, mmx, sse, sse2, sse3, ssse3, sse4.1, sse4.2, popcnt, avx, avx2, aes, clmul, erms, 3dnowpref, lzcnt, ht, tsc, tscinvbit, bmi1, bmi2, adx

Memory: 4k page, physical 16658532k(2441828k free), swap 19804260k(5448k free)

vm_info: OpenJDK 64-Bit Server VM (25.212-b04) for windows-amd64 JRE (1.8.0_212-release-1586-b04), built by "builder" with MS VC++ 10.0 (VS2010)

time: Tue Apr 14 01:31:13 2020
timezone: RTZ 2 (зима)
elapsed time: 20704 seconds (0d 5h 45m 4s)

