#
# There is insufficient memory for the Java Runtime Environment to continue.
# Native memory allocation (malloc) failed to allocate 1174896 bytes for Chunk::new
# Possible reasons:
#   The system is out of physical RAM or swap space
#   The process is running with CompressedOops enabled, and the Java Heap may be blocking the growth of the native heap
# Possible solutions:
#   Reduce memory load on the system
#   Increase physical memory or swap space
#   Check if swap backing store is full
#   Decrease Java heap size (-Xmx/-Xms)
#   Decrease number of Java threads
#   Decrease Java thread stack sizes (-Xss)
#   Set larger code cache with -XX:ReservedCodeCacheSize=
#   JVM is running with Unscaled Compressed Oops mode in which the Java heap is
#     placed in the first 4GB address space. The Java Heap base address is the
#     maximum limit for the native heap growth. Please use -XX:HeapBaseMinAddress
#     to set the Java Heap base and to place the Java Heap above 4GB virtual address.
# This output file may be truncated or incomplete.
#
#  Out of Memory Error (allocation.cpp:389), pid=14196, tid=0x0000000000005204
#
# JRE version: OpenJDK Runtime Environment (8.0_212-b04) (build 1.8.0_212-release-1586-b04)
# Java VM: OpenJDK 64-Bit Server VM (25.212-b04 mixed mode windows-amd64 compressed oops)
# Failed to write core dump. Minidumps are not enabled by default on client versions of Windows
#

---------------  T H R E A D  ---------------

Current thread (0x000000001681a800):  JavaThread "C2 CompilerThread0" daemon [_thread_in_native, id=20996, stack(0x0000000018ef0000,0x0000000018ff0000)]

Stack: [0x0000000018ef0000,0x0000000018ff0000]
[error occurred during error reporting (printing stack bounds), id 0xc0000005]

Native frames: (J=compiled Java code, j=interpreted, Vv=VM code, C=native code)


Current CompileTask:
C2: 142746 15993       4       com.sun.tools.javac.jvm.ClassReader::includeClassFile (294 bytes)


---------------  P R O C E S S  ---------------

Java Threads: ( => current thread )
  0x000000001ee28000 JavaThread "Cache worker for Java compile cache (C:\Users\NIKITA\CODING\Android\StuDo\.gradle\5.6.4\javaCompile)" [_thread_blocked, id=19288, stack(0x00000000318a0000,0x00000000319a0000)]
  0x000000001ee27800 JavaThread "Cache worker for Java compile cache (C:\Users\NIKITA\.gradle\caches\5.6.4\javaCompile)" [_thread_blocked, id=21400, stack(0x00000000317a0000,0x00000000318a0000)]
  0x000000001ee29000 JavaThread "RMI TCP Connection(3)-127.0.0.1" daemon [_thread_in_native, id=17012, stack(0x00000000316a0000,0x00000000317a0000)]
  0x000000001ee2a800 JavaThread "RMI RenewClean-[127.0.0.1:17689,org.jetbrains.kotlin.daemon.common.LoopbackNetworkInterface$ClientLoopbackSocketFactory@6824d0cd]" daemon [_thread_blocked, id=14828, stack(0x00000000315a0000,0x00000000316a0000)]
  0x000000001ee20000 JavaThread "WorkerExecutor Queue Thread 5" [_thread_blocked, id=16652, stack(0x0000000027400000,0x0000000027500000)]
  0x000000001ee26800 JavaThread "WorkerExecutor Queue Thread 4" [_thread_blocked, id=17348, stack(0x0000000030750000,0x0000000030850000)]
  0x000000001ee1f000 JavaThread "WorkerExecutor Queue Thread 3" [_thread_blocked, id=16176, stack(0x0000000030650000,0x0000000030750000)]
  0x000000001ee25000 JavaThread "stdout" [_thread_in_native, id=5420, stack(0x0000000030550000,0x0000000030650000)]
  0x000000001ee26000 JavaThread "stderr" [_thread_in_native, id=1056, stack(0x0000000030450000,0x0000000030550000)]
  0x000000001ee21800 JavaThread "stdout" [_thread_in_native, id=6676, stack(0x0000000030350000,0x0000000030450000)]
  0x000000001ee24800 JavaThread "stderr" [_thread_in_native, id=18756, stack(0x0000000027d20000,0x0000000027e20000)]
  0x0000000021704000 JavaThread "pool-6-thread-1" [_thread_blocked, id=10384, stack(0x0000000027c20000,0x0000000027d20000)]
  0x0000000021700000 JavaThread "WorkerExecutor Queue Thread 2" [_thread_blocked, id=10056, stack(0x00000000277b0000,0x00000000278b0000)]
  0x0000000021704800 JavaThread "Cache worker for execution history cache (C:\Users\NIKITA\CODING\Android\StuDo\.gradle\5.6.4\executionHistory)" [_thread_blocked, id=9884, stack(0x0000000027300000,0x0000000027400000)]
  0x0000000021701800 JavaThread "Execution worker for ':' Thread 7" [_thread_blocked, id=4808, stack(0x0000000027200000,0x0000000027300000)]
  0x00000000216fe800 JavaThread "Execution worker for ':' Thread 6" [_thread_blocked, id=17940, stack(0x0000000027100000,0x0000000027200000)]
  0x0000000021703000 JavaThread "Execution worker for ':' Thread 5" [_thread_blocked, id=19848, stack(0x0000000027000000,0x0000000027100000)]
  0x00000000216f7000 JavaThread "Execution worker for ':' Thread 4" [_thread_in_native, id=22216, stack(0x0000000026f00000,0x0000000027000000)]
  0x00000000216f8800 JavaThread "Execution worker for ':' Thread 3" [_thread_blocked, id=10028, stack(0x0000000026e00000,0x0000000026f00000)]
  0x00000000216f6800 JavaThread "Execution worker for ':' Thread 2" [_thread_blocked, id=22352, stack(0x0000000026d00000,0x0000000026e00000)]
  0x00000000216fd000 JavaThread "Execution worker for ':'" [_thread_blocked, id=22604, stack(0x0000000026800000,0x0000000026900000)]
  0x00000000216fc800 JavaThread "Cache worker for file content cache (C:\Users\NIKITA\CODING\Android\StuDo\.gradle\5.6.4\fileContent)" [_thread_blocked, id=17580, stack(0x0000000026500000,0x0000000026600000)]
  0x00000000216f5800 JavaThread "Cache worker for Build Output Cleanup Cache (C:\Users\NIKITA\CODING\Android\StuDo\.gradle\buildOutputCleanup)" [_thread_blocked, id=21416, stack(0x0000000025a00000,0x0000000025b00000)]
  0x00000000216fa000 JavaThread "Build operations Thread 8" [_thread_blocked, id=7208, stack(0x0000000023230000,0x0000000023330000)]
  0x00000000216f9800 JavaThread "Build operations Thread 7" [_thread_blocked, id=18864, stack(0x0000000023130000,0x0000000023230000)]
  0x0000000028e21800 JavaThread "Build operations Thread 6" [_thread_blocked, id=22304, stack(0x0000000023030000,0x0000000023130000)]
  0x0000000028e22800 JavaThread "Build operations Thread 5" [_thread_blocked, id=8728, stack(0x0000000022f30000,0x0000000023030000)]
  0x0000000028e21000 JavaThread "Build operations Thread 4" [_thread_blocked, id=21628, stack(0x0000000022e30000,0x0000000022f30000)]
  0x0000000028e23000 JavaThread "Build operations Thread 3" [_thread_blocked, id=11276, stack(0x0000000022ae0000,0x0000000022be0000)]
  0x0000000028e24800 JavaThread "Build operations Thread 2" [_thread_blocked, id=19304, stack(0x00000000229e0000,0x0000000022ae0000)]
  0x0000000028e24000 JavaThread "Build operations" [_thread_blocked, id=2740, stack(0x00000000228e0000,0x00000000229e0000)]
  0x0000000028e25800 JavaThread "Cache worker for cache directory md-rule (C:\Users\NIKITA\.gradle\caches\5.6.4\md-rule)" [_thread_blocked, id=4972, stack(0x00000000227e0000,0x00000000228e0000)]
  0x0000000028e19800 JavaThread "Cache worker for cache directory md-supplier (C:\Users\NIKITA\.gradle\caches\5.6.4\md-supplier)" [_thread_blocked, id=7392, stack(0x00000000225e0000,0x00000000226e0000)]
  0x0000000028e20000 JavaThread "Cache worker for file hash cache (C:\Users\NIKITA\CODING\Android\StuDo\.gradle\5.6.4\fileHashes)" [_thread_blocked, id=3968, stack(0x000000001fe60000,0x000000001ff60000)]
  0x0000000028e1b800 JavaThread "Thread-70" [_thread_blocked, id=17216, stack(0x000000001f8c0000,0x000000001f9c0000)]
  0x0000000028e18800 JavaThread "Stdin handler" [_thread_blocked, id=5412, stack(0x000000001cc20000,0x000000001cd20000)]
  0x0000000028e1e800 JavaThread "Asynchronous log dispatcher for DefaultDaemonConnection: socket connection from /127.0.0.1:57487 to /127.0.0.1:57543" [_thread_blocked, id=5732, stack(0x0000000000e10000,0x0000000000f10000)]
  0x0000000028e1d000 JavaThread "Cancel handler" [_thread_blocked, id=21228, stack(0x0000000000d10000,0x0000000000e10000)]
  0x0000000028e1f800 JavaThread "Handler for socket connection from /127.0.0.1:57487 to /127.0.0.1:57543" [_thread_in_native, id=22460, stack(0x0000000000c10000,0x0000000000d10000)]
  0x0000000028e18000 JavaThread "RMI TCP Connection(2)-127.0.0.1" daemon [_thread_in_native, id=6304, stack(0x0000000030250000,0x0000000030350000)]
  0x0000000028e17000 JavaThread "RMI Reaper" [_thread_blocked, id=5528, stack(0x0000000030150000,0x0000000030250000)]
  0x0000000028e1e000 JavaThread "RMI TCP Accept-0" daemon [_thread_in_native, id=9340, stack(0x0000000030050000,0x0000000030150000)]
  0x0000000028e1b000 JavaThread "GC Daemon" daemon [_thread_blocked, id=13364, stack(0x000000002ff50000,0x0000000030050000)]
  0x0000000028e16800 JavaThread "RMI Scheduler(0)" daemon [_thread_blocked, id=11464, stack(0x00000000278b0000,0x00000000279b0000)]
  0x0000000021702800 JavaThread "Cache worker for file content cache (C:\Users\NIKITA\.gradle\caches\5.6.4\fileContent)" [_thread_blocked, id=8336, stack(0x0000000025690000,0x0000000025790000)]
  0x00000000216f8000 JavaThread "Memory manager" [_thread_blocked, id=18912, stack(0x0000000025390000,0x0000000025490000)]
  0x00000000216fb000 JavaThread "Cache worker for execution history cache (C:\Users\NIKITA\.gradle\caches\5.6.4\executionHistory)" [_thread_blocked, id=9888, stack(0x00000000226e0000,0x00000000227e0000)]
  0x000000001b1e1000 JavaThread "Cache worker for journal cache (C:\Users\NIKITA\.gradle\caches\journal-1)" [_thread_blocked, id=17088, stack(0x000000001d420000,0x000000001d520000)]
  0x000000001b1e4000 JavaThread "File lock request listener" [_thread_in_native, id=18264, stack(0x000000001d320000,0x000000001d420000)]
  0x000000001b136000 JavaThread "Cache worker for file hash cache (C:\Users\NIKITA\.gradle\caches\5.6.4\fileHashes)" [_thread_blocked, id=19088, stack(0x000000001d220000,0x000000001d320000)]
  0x000000001b103000 JavaThread "Daemon worker" [_thread_blocked, id=9348, stack(0x000000001cb20000,0x000000001cc20000)]
  0x000000001b0a8800 JavaThread "Daemon" [_thread_blocked, id=21028, stack(0x000000001c620000,0x000000001c720000)]
  0x000000001b014800 JavaThread "Daemon periodic checks" [_thread_blocked, id=4492, stack(0x000000001c520000,0x000000001c620000)]
  0x000000001b012800 JavaThread "Incoming local TCP Connector on port 57487" [_thread_in_native, id=17056, stack(0x000000001c2d0000,0x000000001c3d0000)]
  0x000000001afa6800 JavaThread "Daemon health stats" [_thread_blocked, id=3484, stack(0x000000001bc90000,0x000000001bd90000)]
  0x0000000018697800 JavaThread "Service Thread" daemon [_thread_blocked, id=11040, stack(0x00000000192f0000,0x00000000193f0000)]
  0x000000001861c000 JavaThread "C1 CompilerThread3" daemon [_thread_blocked, id=7880, stack(0x00000000191f0000,0x00000000192f0000)]
  0x0000000018617000 JavaThread "C2 CompilerThread2" daemon [_thread_in_native, id=7436, stack(0x00000000190f0000,0x00000000191f0000)]
  0x000000001681d800 JavaThread "C2 CompilerThread1" daemon [_thread_in_native, id=13048, stack(0x0000000018ff0000,0x00000000190f0000)]
=>0x000000001681a800 JavaThread "C2 CompilerThread0" daemon [_thread_in_native, id=20996, stack(0x0000000018ef0000,0x0000000018ff0000)]
  0x0000000018615800 JavaThread "Attach Listener" daemon [_thread_blocked, id=22260, stack(0x0000000018df0000,0x0000000018ef0000)]
  0x0000000018614800 JavaThread "Signal Dispatcher" daemon [_thread_blocked, id=22444, stack(0x0000000018cf0000,0x0000000018df0000)]
  0x0000000018600800 JavaThread "Finalizer" daemon [_thread_blocked, id=9752, stack(0x0000000018ae0000,0x0000000018be0000)]
  0x000000001680c800 JavaThread "Reference Handler" daemon [_thread_blocked, id=19096, stack(0x00000000189e0000,0x0000000018ae0000)]
  0x000000000102e000 JavaThread "main" [_thread_blocked, id=7932, stack(0x0000000002850000,0x0000000002950000)]

Other Threads:
  0x0000000016808000 VMThread [stack: 0x00000000184e0000,0x00000000185e0000] [id=13076]
  0x00000000186a0800 WatcherThread [stack: 0x00000000193f0000,0x00000000194f0000] [id=22468]

VM state:not at safepoint (normal execution)

VM Mutex/Monitor currently owned by a thread: None

heap address: 0x00000000a0000000, size: 1536 MB, Compressed Oops mode: 32-bit
Narrow klass base: 0x0000000000000000, Narrow klass shift: 3
Compressed class space size: 1073741824 Address: 0x0000000100000000

Heap:
 PSYoungGen      total 448512K, used 281855K [0x00000000e0000000, 0x0000000100000000, 0x0000000100000000)
  eden space 418304K, 67% used [0x00000000e0000000,0x00000000f133fcc8,0x00000000f9880000)
  from space 30208K, 0% used [0x00000000fca80000,0x00000000fca80000,0x00000000fe800000)
  to   space 51200K, 0% used [0x00000000f9880000,0x00000000f9880000,0x00000000fca80000)
 ParOldGen       total 350720K, used 125957K [0x00000000a0000000, 0x00000000b5680000, 0x00000000e0000000)
  object space 350720K, 35% used [0x00000000a0000000,0x00000000a7b01400,0x00000000b5680000)
 Metaspace       used 97836K, capacity 101160K, committed 102016K, reserved 1138688K
  class space    used 12530K, capacity 13208K, committed 13440K, reserved 1048576K

Card table byte_map: [0x0000000011e10000,0x0000000012120000] byte_map_base: 0x0000000011910000

Marking Bits: (ParMarkBitMap*) 0x0000000060ec9f30
 Begin Bits: [0x0000000012b20000, 0x0000000014320000)
 End Bits:   [0x0000000014320000, 0x0000000015b20000)

Polling page: 0x0000000000f80000

CodeCache: size=245760Kb used=43868Kb max_used=44132Kb free=201891Kb
 bounds [0x0000000002a50000, 0x00000000055b0000, 0x0000000011a50000]
 total_blobs=14107 nmethods=13190 adapters=826
 compilation: enabled

Compilation events (10 events):
Event: 142.728 Thread 0x000000001861c000 nmethod 16255 0x00000000051dc390 code [0x00000000051dc500, 0x00000000051dc748]
Event: 142.730 Thread 0x000000001861c000 16256       2       org.gradle.internal.fingerprint.classpath.impl.ClasspathFingerprintingStrategy$ClasspathFingerprintVisitor::visit (61 bytes)
Event: 142.731 Thread 0x000000001861c000 nmethod 16256 0x00000000051dbd90 code [0x00000000051dbf20, 0x00000000051dc1c8]
Event: 142.731 Thread 0x000000001861c000 16257       2       com.google.common.collect.ImmutableMultimap$Builder::put (50 bytes)
Event: 142.732 Thread 0x000000001861c000 nmethod 16257 0x00000000051db810 code [0x00000000051db9a0, 0x00000000051dbc48]
Event: 142.740 Thread 0x000000001861c000 16258       2       com.google.common.collect.ImmutableMultimap$Builder::build (41 bytes)
Event: 142.740 Thread 0x000000001861c000 nmethod 16258 0x0000000002f1d290 code [0x0000000002f1d440, 0x0000000002f1d888]
Event: 142.740 Thread 0x000000001861c000 16259       2       org.gradle.internal.fingerprint.impl.AbsolutePathFingerprintingStrategy$1::visitFile (72 bytes)
Event: 142.741 Thread 0x000000001861c000 nmethod 16259 0x0000000002f1ca10 code [0x0000000002f1cbc0, 0x0000000002f1cfd8]
Event: 142.741 Thread 0x000000001861c000 16260       2       com.google.common.collect.ImmutableListMultimap::fromMapEntries (141 bytes)

GC Heap History (10 events):
Event: 64.219 GC heap before
{Heap before GC invocations=16 (full 3):
 PSYoungGen      total 273920K, used 273286K [0x00000000e0000000, 0x00000000f2600000, 0x0000000100000000)
  eden space 257024K, 100% used [0x00000000e0000000,0x00000000efb00000,0x00000000efb00000)
  from space 16896K, 96% used [0x00000000f1580000,0x00000000f2561868,0x00000000f2600000)
  to   space 22016K, 0% used [0x00000000efb00000,0x00000000efb00000,0x00000000f1080000)
 ParOldGen       total 187392K, used 44176K [0x00000000a0000000, 0x00000000ab700000, 0x00000000e0000000)
  object space 187392K, 23% used [0x00000000a0000000,0x00000000a2b24048,0x00000000ab700000)
 Metaspace       used 74192K, capacity 77264K, committed 77440K, reserved 1116160K
  class space    used 9922K, capacity 10518K, committed 10624K, reserved 1048576K
Event: 64.238 GC heap after
Heap after GC invocations=16 (full 3):
 PSYoungGen      total 279040K, used 20269K [0x00000000e0000000, 0x00000000f8600000, 0x0000000100000000)
  eden space 257024K, 0% used [0x00000000e0000000,0x00000000e0000000,0x00000000efb00000)
  from space 22016K, 92% used [0x00000000efb00000,0x00000000f0ecb5c0,0x00000000f1080000)
  to   space 24064K, 0% used [0x00000000f6e80000,0x00000000f6e80000,0x00000000f8600000)
 ParOldGen       total 187392K, used 53318K [0x00000000a0000000, 0x00000000ab700000, 0x00000000e0000000)
  object space 187392K, 28% used [0x00000000a0000000,0x00000000a3411af8,0x00000000ab700000)
 Metaspace       used 74192K, capacity 77264K, committed 77440K, reserved 1116160K
  class space    used 9922K, capacity 10518K, committed 10624K, reserved 1048576K
}
Event: 70.260 GC heap before
{Heap before GC invocations=17 (full 3):
 PSYoungGen      total 279040K, used 277293K [0x00000000e0000000, 0x00000000f8600000, 0x0000000100000000)
  eden space 257024K, 100% used [0x00000000e0000000,0x00000000efb00000,0x00000000efb00000)
  from space 22016K, 92% used [0x00000000efb00000,0x00000000f0ecb5c0,0x00000000f1080000)
  to   space 24064K, 0% used [0x00000000f6e80000,0x00000000f6e80000,0x00000000f8600000)
 ParOldGen       total 187392K, used 53318K [0x00000000a0000000, 0x00000000ab700000, 0x00000000e0000000)
  object space 187392K, 28% used [0x00000000a0000000,0x00000000a3411af8,0x00000000ab700000)
 Metaspace       used 81475K, capacity 84936K, committed 85120K, reserved 1122304K
  class space    used 10888K, capacity 11546K, committed 11648K, reserved 1048576K
Event: 70.289 GC heap after
Heap after GC invocations=17 (full 3):
 PSYoungGen      total 360448K, used 18723K [0x00000000e0000000, 0x00000000f8100000, 0x0000000100000000)
  eden space 341504K, 0% used [0x00000000e0000000,0x00000000e0000000,0x00000000f4d80000)
  from space 18944K, 98% used [0x00000000f6e80000,0x00000000f80c8f70,0x00000000f8100000)
  to   space 25088K, 0% used [0x00000000f5000000,0x00000000f5000000,0x00000000f6880000)
 ParOldGen       total 187392K, used 67116K [0x00000000a0000000, 0x00000000ab700000, 0x00000000e0000000)
  object space 187392K, 35% used [0x00000000a0000000,0x00000000a418b340,0x00000000ab700000)
 Metaspace       used 81475K, capacity 84936K, committed 85120K, reserved 1122304K
  class space    used 10888K, capacity 11546K, committed 11648K, reserved 1048576K
}
Event: 128.284 GC heap before
{Heap before GC invocations=18 (full 3):
 PSYoungGen      total 360448K, used 360227K [0x00000000e0000000, 0x00000000f8100000, 0x0000000100000000)
  eden space 341504K, 100% used [0x00000000e0000000,0x00000000f4d80000,0x00000000f4d80000)
  from space 18944K, 98% used [0x00000000f6e80000,0x00000000f80c8f70,0x00000000f8100000)
  to   space 25088K, 0% used [0x00000000f5000000,0x00000000f5000000,0x00000000f6880000)
 ParOldGen       total 187392K, used 67116K [0x00000000a0000000, 0x00000000ab700000, 0x00000000e0000000)
  object space 187392K, 35% used [0x00000000a0000000,0x00000000a418b340,0x00000000ab700000)
 Metaspace       used 83440K, capacity 87048K, committed 87424K, reserved 1124352K
  class space    used 11083K, capacity 11780K, committed 11904K, reserved 1048576K
Event: 128.309 GC heap after
Heap after GC invocations=18 (full 3):
 PSYoungGen      total 369152K, used 25074K [0x00000000e0000000, 0x00000000fe800000, 0x0000000100000000)
  eden space 344064K, 0% used [0x00000000e0000000,0x00000000e0000000,0x00000000f5000000)
  from space 25088K, 99% used [0x00000000f5000000,0x00000000f687c990,0x00000000f6880000)
  to   space 30208K, 0% used [0x00000000fca80000,0x00000000fca80000,0x00000000fe800000)
 ParOldGen       total 187392K, used 72567K [0x00000000a0000000, 0x00000000ab700000, 0x00000000e0000000)
  object space 187392K, 38% used [0x00000000a0000000,0x00000000a46dde98,0x00000000ab700000)
 Metaspace       used 83440K, capacity 87048K, committed 87424K, reserved 1124352K
  class space    used 11083K, capacity 11780K, committed 11904K, reserved 1048576K
}
Event: 133.452 GC heap before
{Heap before GC invocations=19 (full 3):
 PSYoungGen      total 369152K, used 219602K [0x00000000e0000000, 0x00000000fe800000, 0x0000000100000000)
  eden space 344064K, 56% used [0x00000000e0000000,0x00000000ebdf8128,0x00000000f5000000)
  from space 25088K, 99% used [0x00000000f5000000,0x00000000f687c990,0x00000000f6880000)
  to   space 30208K, 0% used [0x00000000fca80000,0x00000000fca80000,0x00000000fe800000)
 ParOldGen       total 187392K, used 72567K [0x00000000a0000000, 0x00000000ab700000, 0x00000000e0000000)
  object space 187392K, 38% used [0x00000000a0000000,0x00000000a46dde98,0x00000000ab700000)
 Metaspace       used 94541K, capacity 98412K, committed 98496K, reserved 1134592K
  class space    used 12238K, capacity 12986K, committed 13056K, reserved 1048576K
Event: 133.503 GC heap after
Heap after GC invocations=19 (full 3):
 PSYoungGen      total 448512K, used 30185K [0x00000000e0000000, 0x0000000100000000, 0x0000000100000000)
  eden space 418304K, 0% used [0x00000000e0000000,0x00000000e0000000,0x00000000f9880000)
  from space 30208K, 99% used [0x00000000fca80000,0x00000000fe7fa568,0x00000000fe800000)
  to   space 51200K, 0% used [0x00000000f9880000,0x00000000f9880000,0x00000000fca80000)
 ParOldGen       total 187392K, used 118220K [0x00000000a0000000, 0x00000000ab700000, 0x00000000e0000000)
  object space 187392K, 63% used [0x00000000a0000000,0x00000000a7373398,0x00000000ab700000)
 Metaspace       used 94541K, capacity 98412K, committed 98496K, reserved 1134592K
  class space    used 12238K, capacity 12986K, committed 13056K, reserved 1048576K
}
Event: 133.503 GC heap before
{Heap before GC invocations=20 (full 4):
 PSYoungGen      total 448512K, used 30185K [0x00000000e0000000, 0x0000000100000000, 0x0000000100000000)
  eden space 418304K, 0% used [0x00000000e0000000,0x00000000e0000000,0x00000000f9880000)
  from space 30208K, 99% used [0x00000000fca80000,0x00000000fe7fa568,0x00000000fe800000)
  to   space 51200K, 0% used [0x00000000f9880000,0x00000000f9880000,0x00000000fca80000)
 ParOldGen       total 187392K, used 118220K [0x00000000a0000000, 0x00000000ab700000, 0x00000000e0000000)
  object space 187392K, 63% used [0x00000000a0000000,0x00000000a7373398,0x00000000ab700000)
 Metaspace       used 94541K, capacity 98412K, committed 98496K, reserved 1134592K
  class space    used 12238K, capacity 12986K, committed 13056K, reserved 1048576K
Event: 133.922 GC heap after
Heap after GC invocations=20 (full 4):
 PSYoungGen      total 448512K, used 0K [0x00000000e0000000, 0x0000000100000000, 0x0000000100000000)
  eden space 418304K, 0% used [0x00000000e0000000,0x00000000e0000000,0x00000000f9880000)
  from space 30208K, 0% used [0x00000000fca80000,0x00000000fca80000,0x00000000fe800000)
  to   space 51200K, 0% used [0x00000000f9880000,0x00000000f9880000,0x00000000fca80000)
 ParOldGen       total 350720K, used 125957K [0x00000000a0000000, 0x00000000b5680000, 0x00000000e0000000)
  object space 350720K, 35% used [0x00000000a0000000,0x00000000a7b01400,0x00000000b5680000)
 Metaspace       used 94244K, capacity 97560K, committed 98496K, reserved 1134592K
  class space    used 12145K, capacity 12820K, committed 13056K, reserved 1048576K
}

Deoptimization events (10 events):
Event: 142.532 Thread 0x00000000216f7000 Uncommon trap: reason=class_check action=maybe_recompile pc=0x000000000554d444 method=com.sun.tools.javac.code.Type$ClassType.isErroneous()Z @ 4
Event: 142.533 Thread 0x00000000216f7000 Uncommon trap: reason=class_check action=maybe_recompile pc=0x00000000052ec494 method=com.sun.tools.javac.code.Types$14.visitClassType(Lcom/sun/tools/javac/code/Type$ClassType;Ljava/lang/Object;)Ljava/lang/Object; @ 3
Event: 142.541 Thread 0x00000000216f7000 Uncommon trap: reason=unstable_if action=reinterpret pc=0x0000000004fd1c1c method=com.sun.tools.javac.util.UnsharedNameTable.fromUtf([BII)Lcom/sun/tools/javac/util/Name; @ 112
Event: 142.557 Thread 0x00000000216f7000 Uncommon trap: reason=class_check action=maybe_recompile pc=0x00000000052ec494 method=com.sun.tools.javac.code.Types$14.visitClassType(Lcom/sun/tools/javac/code/Type$ClassType;Ljava/lang/Object;)Ljava/lang/Object; @ 3
Event: 142.566 Thread 0x00000000216f7000 Uncommon trap: reason=class_check action=maybe_recompile pc=0x00000000049dc58c method=com.sun.tools.javac.code.Type$ClassType.allparams()Lcom/sun/tools/javac/util/List; @ 16
Event: 142.566 Thread 0x00000000216f7000 Uncommon trap: reason=class_check action=maybe_recompile pc=0x00000000052ec494 method=com.sun.tools.javac.code.Types$14.visitClassType(Lcom/sun/tools/javac/code/Type$ClassType;Ljava/lang/Object;)Ljava/lang/Object; @ 3
Event: 142.566 Thread 0x00000000216f7000 Uncommon trap: reason=class_check action=maybe_recompile pc=0x00000000052ec494 method=com.sun.tools.javac.code.Types$14.visitClassType(Lcom/sun/tools/javac/code/Type$ClassType;Ljava/lang/Object;)Ljava/lang/Object; @ 3
Event: 142.699 Thread 0x00000000216f7000 Uncommon trap: reason=unstable_if action=reinterpret pc=0x000000000506a998 method=com.sun.tools.javac.util.ListBuffer.append(Ljava/lang/Object;)Lcom/sun/tools/javac/util/ListBuffer; @ 9
Event: 142.713 Thread 0x00000000216f7000 Uncommon trap: reason=unstable_if action=reinterpret pc=0x00000000049296a4 method=org.gradle.api.internal.tasks.compile.tooling.JavaCompileTaskSuccessResultPostProcessor.finished(Lorg/gradle/internal/operations/BuildOperationDescriptor;Lorg/gradle/interna
Event: 142.725 Thread 0x0000000028e1b800 Uncommon trap: reason=unstable_if action=reinterpret pc=0x0000000004400100 method=java.io.ObjectStreamClass.writeNonProxy(Ljava/io/ObjectOutputStream;)V @ 22

Classes redefined (0 events):
No events

Internal exceptions (10 events):
Event: 133.289 Thread 0x000000001ee1f000 Exception <a 'java/lang/ClassNotFoundException': com/sun/org/glassfish/hk2/osgiresourcelocator/ServiceLoader> (0x00000000eb4f22d0) thrown at [D:\src\AOSP-openjdk-cygwin\jdk8u\hotspot\src\share\vm\classfile\systemDictionary.cpp, line 210]
Event: 134.373 Thread 0x000000001ee1f000 Implicit null exception at 0x000000000517ff8f to 0x000000000518008d
Event: 134.540 Thread 0x000000001ee1f000 Implicit null exception at 0x0000000005230bab to 0x0000000005232309
Event: 134.540 Thread 0x000000001ee1f000 Implicit null exception at 0x0000000005230bab to 0x0000000005232309
Event: 134.540 Thread 0x000000001ee1f000 Implicit null exception at 0x0000000005230bab to 0x0000000005232309
Event: 135.157 Thread 0x000000001ee2a800 Exception <a 'java/lang/InterruptedException'> (0x00000000ed0faae8) thrown at [D:\src\AOSP-openjdk-cygwin\jdk8u\hotspot\src\share\vm\runtime\objectMonitor.cpp, line 1680]
Event: 141.854 Thread 0x000000001ee28000 Implicit null exception at 0x0000000004ca99f4 to 0x0000000004cadc2d
Event: 142.152 Thread 0x00000000216f7000 Implicit null exception at 0x00000000051a18eb to 0x00000000051a4eb5
Event: 142.723 Thread 0x0000000028e1b800 Exception <a 'java/lang/NoSuchMethodError': <clinit>> (0x00000000ed6e8960) thrown at [D:\src\AOSP-openjdk-cygwin\jdk8u\hotspot\src\share\vm\prims\jni.cpp, line 1614]
Event: 142.724 Thread 0x0000000028e1b800 Exception <a 'java/lang/NoSuchMethodError': <clinit>> (0x00000000f1214200) thrown at [D:\src\AOSP-openjdk-cygwin\jdk8u\hotspot\src\share\vm\prims\jni.cpp, line 1614]

Events (10 events):
Event: 142.713 Thread 0x00000000216f7000 DEOPT UNPACKING pc=0x0000000002a9557b sp=0x0000000026ffbf00 mode 2
Event: 142.721 loading class org/gradle/tooling/internal/provider/events/DefaultAnnotationProcessorResult
Event: 142.721 loading class org/gradle/tooling/internal/provider/events/DefaultAnnotationProcessorResult done
Event: 142.721 loading class org/gradle/api/internal/tasks/compile/tooling/JavaCompileTaskSuccessResultPostProcessor$1
Event: 142.721 loading class org/gradle/api/internal/tasks/compile/tooling/JavaCompileTaskSuccessResultPostProcessor$1 done
Event: 142.724 loading class java/time/Ser
Event: 142.725 loading class java/time/Ser done
Event: 142.725 Thread 0x0000000028e1b800 Uncommon trap: trap_request=0xffffff65 fr.pc=0x0000000004400100
Event: 142.725 Thread 0x0000000028e1b800 DEOPT PACKING pc=0x0000000004400100 sp=0x000000001f9bd910
Event: 142.725 Thread 0x0000000028e1b800 DEOPT UNPACKING pc=0x0000000002a9557b sp=0x000000001f9bd800 mode 2


Dynamic libraries:
0x00007ff73a990000 - 0x00007ff73a9c1000 	C:\Program Files\Android\Android Studio\jre\bin\java.exe
0x00007ffa257c0000 - 0x00007ffa259b0000 	C:\WINDOWS\SYSTEM32\ntdll.dll
0x00007ffa24d60000 - 0x00007ffa24e12000 	C:\WINDOWS\System32\KERNEL32.DLL
0x00007ffa22bf0000 - 0x00007ffa22e93000 	C:\WINDOWS\System32\KERNELBASE.dll
0x00007ffa24b20000 - 0x00007ffa24bc3000 	C:\WINDOWS\System32\ADVAPI32.dll
0x00007ffa247a0000 - 0x00007ffa2483e000 	C:\WINDOWS\System32\msvcrt.dll
0x00007ffa24840000 - 0x00007ffa248d7000 	C:\WINDOWS\System32\sechost.dll
0x00007ffa241e0000 - 0x00007ffa24300000 	C:\WINDOWS\System32\RPCRT4.dll
0x00007ffa24ed0000 - 0x00007ffa25064000 	C:\WINDOWS\System32\USER32.dll
0x00007ffa228c0000 - 0x00007ffa228e1000 	C:\WINDOWS\System32\win32u.dll
0x00007ffa25070000 - 0x00007ffa25096000 	C:\WINDOWS\System32\GDI32.dll
0x00007ffa22a50000 - 0x00007ffa22be4000 	C:\WINDOWS\System32\gdi32full.dll
0x00007ffa22720000 - 0x00007ffa227be000 	C:\WINDOWS\System32\msvcp_win.dll
0x00007ffa227c0000 - 0x00007ffa228ba000 	C:\WINDOWS\System32\ucrtbase.dll
0x00007ffa10720000 - 0x00007ffa109a5000 	C:\WINDOWS\WinSxS\amd64_microsoft.windows.common-controls_6595b64144ccf1df_6.0.18362.752_none_e6c0b5ed1312b70c\COMCTL32.dll
0x00007ffa24460000 - 0x00007ffa24796000 	C:\WINDOWS\System32\combase.dll
0x00007ffa22980000 - 0x00007ffa22a00000 	C:\WINDOWS\System32\bcryptPrimitives.dll
0x00007ffa248e0000 - 0x00007ffa2490e000 	C:\WINDOWS\System32\IMM32.DLL
0x00000000611e0000 - 0x00000000612b2000 	C:\Program Files\Android\Android Studio\jre\jre\bin\msvcr100.dll
0x0000000060700000 - 0x0000000060f46000 	C:\Program Files\Android\Android Studio\jre\jre\bin\server\jvm.dll
0x00007ffa256c0000 - 0x00007ffa256c8000 	C:\WINDOWS\System32\PSAPI.DLL
0x00007ffa183f0000 - 0x00007ffa18414000 	C:\WINDOWS\SYSTEM32\WINMM.dll
0x00007ffa1c9b0000 - 0x00007ffa1c9ba000 	C:\WINDOWS\SYSTEM32\VERSION.dll
0x00007ffa06390000 - 0x00007ffa06399000 	C:\WINDOWS\SYSTEM32\WSOCK32.dll
0x00007ffa25510000 - 0x00007ffa2557f000 	C:\WINDOWS\System32\WS2_32.dll
0x00007ffa183c0000 - 0x00007ffa183ed000 	C:\WINDOWS\SYSTEM32\WINMMBASE.dll
0x00007ffa22a00000 - 0x00007ffa22a4a000 	C:\WINDOWS\System32\cfgmgr32.dll
0x00007ffa1ed40000 - 0x00007ffa1ed4f000 	C:\Program Files\Android\Android Studio\jre\jre\bin\verify.dll
0x00007ffa1d3f0000 - 0x00007ffa1d419000 	C:\Program Files\Android\Android Studio\jre\jre\bin\java.dll
0x00007ffa18310000 - 0x00007ffa18326000 	C:\Program Files\Android\Android Studio\jre\jre\bin\zip.dll
0x00007ffa23ad0000 - 0x00007ffa241b5000 	C:\WINDOWS\System32\SHELL32.dll
0x00007ffa24e20000 - 0x00007ffa24ec9000 	C:\WINDOWS\System32\shcore.dll
0x00007ffa22f70000 - 0x00007ffa236f0000 	C:\WINDOWS\System32\windows.storage.dll
0x00007ffa226f0000 - 0x00007ffa22713000 	C:\WINDOWS\System32\profapi.dll
0x00007ffa22680000 - 0x00007ffa226ca000 	C:\WINDOWS\System32\powrprof.dll
0x00007ffa22650000 - 0x00007ffa22660000 	C:\WINDOWS\System32\UMPDC.dll
0x00007ffa24910000 - 0x00007ffa24962000 	C:\WINDOWS\System32\shlwapi.dll
0x00007ffa22660000 - 0x00007ffa22671000 	C:\WINDOWS\System32\kernel.appcore.dll
0x00007ffa22f50000 - 0x00007ffa22f67000 	C:\WINDOWS\System32\cryptsp.dll
0x00007ffa18220000 - 0x00007ffa1823a000 	C:\Program Files\Android\Android Studio\jre\jre\bin\net.dll
0x00007ffa11a10000 - 0x00007ffa11be5000 	C:\WINDOWS\SYSTEM32\urlmon.dll
0x00007ffa11210000 - 0x00007ffa114b6000 	C:\WINDOWS\SYSTEM32\iertutil.dll
0x00007ffa22090000 - 0x00007ffa2209c000 	C:\WINDOWS\SYSTEM32\CRYPTBASE.DLL
0x00007ffa21ec0000 - 0x00007ffa21f27000 	C:\WINDOWS\system32\mswsock.dll
0x00007ffa18200000 - 0x00007ffa18213000 	C:\Program Files\Android\Android Studio\jre\jre\bin\nio.dll
0x00007ff9fe5f0000 - 0x00007ff9fe616000 	C:\Users\NIKITA\.gradle\native\30\windows-amd64\native-platform.dll
0x00007ffa1dbc0000 - 0x00007ffa1dbcd000 	C:\Program Files\Android\Android Studio\jre\jre\bin\management.dll
0x00007ffa21a30000 - 0x00007ffa21a63000 	C:\WINDOWS\system32\rsaenh.dll
0x00007ffa228f0000 - 0x00007ffa22916000 	C:\WINDOWS\System32\bcrypt.dll
0x00007ffa22540000 - 0x00007ffa22565000 	C:\WINDOWS\SYSTEM32\USERENV.dll
0x00007ffa21bd0000 - 0x00007ffa21c0a000 	C:\WINDOWS\SYSTEM32\IPHLPAPI.DLL
0x00007ffa25580000 - 0x00007ffa25588000 	C:\WINDOWS\System32\NSI.dll
0x00007ffa1a960000 - 0x00007ffa1a976000 	C:\WINDOWS\SYSTEM32\dhcpcsvc6.DLL
0x00007ffa1a940000 - 0x00007ffa1a95c000 	C:\WINDOWS\SYSTEM32\dhcpcsvc.DLL
0x00007ffa21c10000 - 0x00007ffa21cda000 	C:\WINDOWS\SYSTEM32\DNSAPI.dll
0x00007ffa1df10000 - 0x00007ffa1df2e000 	C:\Users\NIKITA\AppData\Local\Temp\native-platform3718196538343111383dir\native-platform.dll

VM Arguments:
jvm_args: -Xmx1536m -Dfile.encoding=windows-1251 -Duser.country=RU -Duser.language=ru -Duser.variant 
java_command: org.gradle.launcher.daemon.bootstrap.GradleDaemon 5.6.4
java_class_path (initial): C:\Users\NIKITA\.gradle\wrapper\dists\gradle-5.6.4-all\ankdp27end7byghfw1q2sw75f\gradle-5.6.4\lib\gradle-launcher-5.6.4.jar
Launcher Type: SUN_STANDARD

Environment Variables:
PATH=C:\WINDOWS\system32;C:\WINDOWS;C:\WINDOWS\System32\Wbem;C:\WINDOWS\System32\WindowsPowerShell\v1.0\;C:\WINDOWS\System32\OpenSSH\;C:\Program Files\Microsoft SQL Server\130\Tools\Binn\;C:\Program Files\NVIDIA Corporation\NVIDIA NvDLISR;C:\Program Files (x86)\NVIDIA Corporation\PhysX\Common;C:\Program Files\Intel\WiFi\bin\;C:\Program Files\Common Files\Intel\WirelessCommon\;C:\WINDOWS\system32;C:\WINDOWS;C:\WINDOWS\System32\Wbem;C:\WINDOWS\System32\WindowsPowerShell\v1.0\;C:\WINDOWS\System32\OpenSSH\;C:\Program Files\Java\jdk-12.0.2\bin;C:\Users\NIKITA\AppData\Local\Programs\Python\Python38-32\Scripts\;C:\Users\NIKITA\AppData\Local\Programs\Python\Python38-32\;C:\Users\NIKITA\AppData\Local\Microsoft\WindowsApps;C:\Users\NIKITA\AppData\Local\Programs\Microsoft VS Code\bin;C:\Users\NIKITA\AppData\Local\Microsoft\WindowsApps;;D:\Python\PyCharm 2019.3\bin;
USERNAME=NIKITA
OS=Windows_NT
PROCESSOR_IDENTIFIER=Intel64 Family 6 Model 142 Stepping 10, GenuineIntel



---------------  S Y S T E M  ---------------

OS: Windows 10.0 , 64 bit Build 18362 (10.0.18362.752)

CPU:total 8 (initial active 8) (4 cores per cpu, 2 threads per core) family 6 model 142 stepping 10, cmov, cx8, fxsr, mmx, sse, sse2, sse3, ssse3, sse4.1, sse4.2, popcnt, avx, avx2, aes, clmul, erms, 3dnowpref, lzcnt, ht, tsc, tscinvbit, bmi1, bmi2, adx

Memory: 4k page, physical 16658532k(2816536k free), swap 19804260k(11364k free)

vm_info: OpenJDK 64-Bit Server VM (25.212-b04) for windows-amd64 JRE (1.8.0_212-release-1586-b04), built by "builder" with MS VC++ 10.0 (VS2010)

time: Fri Apr 03 13:13:54 2020
timezone: RTZ 2 (зима)
elapsed time: 142 seconds (0d 0h 2m 22s)

